#
# There is insufficient memory for the Java Runtime Environment to continue.
# Native memory allocation (malloc) failed to allocate 1048576 bytes for AllocateHeap
# Possible reasons:
#   The system is out of physical RAM or swap space
#   The process is running with CompressedOops enabled, and the Java Heap may be blocking the growth of the native heap
# Possible solutions:
#   Reduce memory load on the system
#   Increase physical memory or swap space
#   Check if swap backing store is full
#   Decrease Java heap size (-Xmx/-Xms)
#   Decrease number of Java threads
#   Decrease Java thread stack sizes (-Xss)
#   Set larger code cache with -XX:ReservedCodeCacheSize=
#   JVM is running with Zero Based Compressed Oops mode in which the Java heap is
#     placed in the first 32GB address space. The Java Heap base address is the
#     maximum limit for the native heap growth. Please use -XX:HeapBaseMinAddress
#     to set the Java Heap base and to place the Java Heap above 32GB virtual address.
# This output file may be truncated or incomplete.
#
#  Out of Memory Error (memory/allocation.inline.hpp:61), pid=13128, tid=0x0000000000003244
#
# JRE version:  (8.0_201-b09) (build )
# Java VM: Java HotSpot(TM) 64-Bit Server VM (25.201-b09 mixed mode windows-amd64 compressed oops)
# Failed to write core dump. Minidumps are not enabled by default on client versions of Windows
#

---------------  T H R E A D  ---------------

Current thread (0x000000000293b000):  JavaThread "Unknown thread" [_thread_in_vm, id=12868, stack(0x0000000002b10000,0x0000000002c10000)]

Stack: [0x0000000002b10000,0x0000000002c10000]
[error occurred during error reporting (printing stack bounds), id 0xc0000005]

Native frames: (J=compiled Java code, j=interpreted, Vv=VM code, C=native code)


---------------  P R O C E S S  ---------------

Java Threads: ( => current thread )

Other Threads:

=>0x000000000293b000 (exited) JavaThread "Unknown thread" [_thread_in_vm, id=12868, stack(0x0000000002b10000,0x0000000002c10000)]

VM state:not at safepoint (normal execution)

VM Mutex/Monitor currently owned by a thread: None

heap address: 0x0000000745a00000, size: 1958 MB, Compressed Oops mode: Zero based, Oop shift amount: 3
Narrow klass base: 0x0000000000000000, Narrow klass shift: 3
Compressed class space size: 1073741824 Address: 0x00000007c0000000

Heap:
 PSYoungGen      total 36864K, used 634K [0x0000000797380000, 0x0000000799c80000, 0x00000007c0000000)
  eden space 31744K, 2% used [0x0000000797380000,0x000000079741eb90,0x0000000799280000)
  from space 5120K, 0% used [0x0000000799780000,0x0000000799780000,0x0000000799c80000)
  to   space 5120K, 0% used [0x0000000799280000,0x0000000799280000,0x0000000799780000)
 ParOldGen       total 84992K, used 0K [0x0000000745a00000, 0x000000074ad00000, 0x0000000797380000)
  object space 84992K, 0% used [0x0000000745a00000,0x0000000745a00000,0x000000074ad00000)
 Metaspace       used 775K, capacity 4480K, committed 4480K, reserved 1056768K
  class space    used 76K, capacity 384K, committed 384K, reserved 1048576K

Card table byte_map: [0x0000000011fd0000,0x00000000123b0000] byte_map_base: 0x000000000e5a3000

Marking Bits: (ParMarkBitMap*) 0x00000000562b4ce0
 Begin Bits: [0x0000000012d90000, 0x0000000014c28000)
 End Bits:   [0x0000000014c28000, 0x0000000016ac0000)

Polling page: 0x0000000000260000

CodeCache: size=245760Kb used=328Kb max_used=328Kb free=245431Kb
 bounds [0x0000000002c10000, 0x0000000002e80000, 0x0000000011c10000]
 total_blobs=58 nmethods=0 adapters=38
 compilation: enabled

Compilation events (0 events):
No events

GC Heap History (0 events):
No events

Deoptimization events (0 events):
No events

Classes redefined (0 events):
No events

Internal exceptions (0 events):
No events

Events (10 events):
Event: 0.051 loading class java/lang/Short
Event: 0.051 loading class java/lang/Short done
Event: 0.051 loading class java/lang/Integer
Event: 0.052 loading class java/lang/Integer done
Event: 0.052 loading class java/lang/Long
Event: 0.052 loading class java/lang/Long done
Event: 0.052 loading class java/lang/NullPointerException
Event: 0.052 loading class java/lang/NullPointerException done
Event: 0.053 loading class java/lang/ArithmeticException
Event: 0.053 loading class java/lang/ArithmeticException done


Dynamic libraries:
0x000000013fd60000 - 0x000000013fd97000 	C:\Program Files\Java\jdk1.8.0_201\bin\java.exe
0x00000000778c0000 - 0x0000000077a5f000 	C:\Windows\SYSTEM32\ntdll.dll
0x00000000776a0000 - 0x00000000777bf000 	C:\Windows\system32\kernel32.dll
0x000007fefd710000 - 0x000007fefd77a000 	C:\Windows\system32\KERNELBASE.dll
0x000007fefdb60000 - 0x000007fefdc3b000 	C:\Windows\system32\ADVAPI32.dll
0x000007feffb10000 - 0x000007feffbaf000 	C:\Windows\system32\msvcrt.dll
0x000007fefd7d0000 - 0x000007fefd7ef000 	C:\Windows\SYSTEM32\sechost.dll
0x000007fefea70000 - 0x000007fefeb9c000 	C:\Windows\system32\RPCRT4.dll
0x00000000777c0000 - 0x00000000778ba000 	C:\Windows\system32\USER32.dll
0x000007fefe850000 - 0x000007fefe8b7000 	C:\Windows\system32\GDI32.dll
0x000007fefe0b0000 - 0x000007fefe0be000 	C:\Windows\system32\LPK.dll
0x000007fefd7f0000 - 0x000007fefd8bb000 	C:\Windows\system32\USP10.dll
0x000007fefc600000 - 0x000007fefc7f5000 	C:\Windows\WinSxS\amd64_microsoft.windows.common-controls_6595b64144ccf1df_6.0.7601.24380_none_e3731d0b30fb6b11\COMCTL32.dll
0x000007fefdca0000 - 0x000007fefdd11000 	C:\Windows\system32\SHLWAPI.dll
0x000007fefdea0000 - 0x000007fefdece000 	C:\Windows\system32\IMM32.DLL
0x000007fefe960000 - 0x000007fefea69000 	C:\Windows\system32\MSCTF.dll
0x000007fef6130000 - 0x000007fef61e1000 	C:\Program Files\McAfee\Endpoint Security\Threat Prevention\Ips\EpMPApi.dll
0x000007fefd6b0000 - 0x000007fefd6eb000 	C:\Windows\system32\WINTRUST.dll
0x000007fefd440000 - 0x000007fefd5ad000 	C:\Windows\system32\CRYPT32.dll
0x000007fefd410000 - 0x000007fefd41f000 	C:\Windows\system32\MSASN1.dll
0x000000006ea30000 - 0x000000006ea3c000 	C:\Program Files\McAfee\Endpoint Security\Threat Prevention\Ips\EpMPThe.dll
0x000007fef54b0000 - 0x000007fef54d3000 	C:\Program Files\McAfee\Endpoint Security\Threat Prevention\Ips\HIPHandlers64.dll
0x00000000606b0000 - 0x0000000060781000 	C:\Program Files\Java\jdk1.8.0_201\jre\bin\msvcr100.dll
0x0000000055a90000 - 0x0000000056334000 	C:\Program Files\Java\jdk1.8.0_201\jre\bin\server\jvm.dll
0x000007fef6b00000 - 0x000007fef6b09000 	C:\Windows\system32\WSOCK32.dll
0x000007feff930000 - 0x000007feff97d000 	C:\Windows\system32\WS2_32.dll
0x000007fefe840000 - 0x000007fefe848000 	C:\Windows\system32\NSI.dll
0x000007fefb3c0000 - 0x000007fefb3fb000 	C:\Windows\system32\WINMM.dll
0x000007fefc2b0000 - 0x000007fefc2bc000 	C:\Windows\system32\VERSION.dll
0x0000000077a70000 - 0x0000000077a77000 	C:\Windows\system32\PSAPI.DLL
0x000007fefa3a0000 - 0x000007fefa3af000 	C:\Program Files\Java\jdk1.8.0_201\jre\bin\verify.dll
0x000007fef2b70000 - 0x000007fef2b99000 	C:\Program Files\Java\jdk1.8.0_201\jre\bin\java.dll
0x000007fefa040000 - 0x000007fefa063000 	C:\Program Files\Java\jdk1.8.0_201\jre\bin\instrument.dll
0x000007fef9590000 - 0x000007fef95a6000 	C:\Program Files\Java\jdk1.8.0_201\jre\bin\zip.dll

VM Arguments:
jvm_args: -ea -Didea.test.cyclic.buffer.size=1048576 -javaagent:C:\Program Files\JetBrains\IntelliJ IDEA Community Edition 2018.3.4\lib\idea_rt.jar=56927:C:\Program Files\JetBrains\IntelliJ IDEA Community Edition 2018.3.4\bin -Dfile.encoding=UTF-8 
java_command: com.intellij.rt.execution.junit.JUnitStarter -ideVersion5 -junit4 WeatherTest,getWeatherPerCity
java_class_path (initial): C:\Program Files\JetBrains\IntelliJ IDEA Community Edition 2018.3.4\lib\idea_rt.jar;C:\Program Files\JetBrains\IntelliJ IDEA Community Edition 2018.3.4\plugins\junit\lib\junit-rt.jar;C:\Program Files\JetBrains\IntelliJ IDEA Community Edition 2018.3.4\plugins\junit\lib\junit5-rt.jar;C:\Program Files\Java\jdk1.8.0_201\jre\lib\charsets.jar;C:\Program Files\Java\jdk1.8.0_201\jre\lib\deploy.jar;C:\Program Files\Java\jdk1.8.0_201\jre\lib\ext\access-bridge-64.jar;C:\Program Files\Java\jdk1.8.0_201\jre\lib\ext\cldrdata.jar;C:\Program Files\Java\jdk1.8.0_201\jre\lib\ext\dnsns.jar;C:\Program Files\Java\jdk1.8.0_201\jre\lib\ext\jaccess.jar;C:\Program Files\Java\jdk1.8.0_201\jre\lib\ext\jfxrt.jar;C:\Program Files\Java\jdk1.8.0_201\jre\lib\ext\localedata.jar;C:\Program Files\Java\jdk1.8.0_201\jre\lib\ext\nashorn.jar;C:\Program Files\Java\jdk1.8.0_201\jre\lib\ext\sunec.jar;C:\Program Files\Java\jdk1.8.0_201\jre\lib\ext\sunjce_provider.jar;C:\Program Files\Java\jdk1.8.0_201\jre\lib\ext\sunmscapi.jar;C:\Program Files\Java\jdk1.8.0_201\jre\lib\ext\sunpkcs11.jar;C:\Program Files\Java\jdk1.8.0_201\jre\lib\ext\zipfs.jar;C:\Program Files\Java\jdk1.8.0_201\jre\lib\javaws.jar;C:\Program Files\Java\jdk1.8.0_201\jre\lib\jce.jar;C:\Program Files\Java\jdk1.8.0_201\jre\lib\jfr.jar;C:\Program Files\Java\jdk1.8.0_201\jre\lib\jfxswt.jar;C:\Program Files\Java\jdk1.8.0_201\jre\lib\jsse.jar;C:\Program Files\Java\jdk1.8.0_201\jre\lib\management-agent.jar;C:\Program Files\Java\jdk1.8.0_201\jre\lib\plugin.jar;C:\Program Files\Java\jdk1.8.0_201\jre\lib\resources.jar;C:\Program Files\Java\jdk1.8.0_201\jre\lib\rt.jar;C:\Users\shevchenko_b\IdeaProjects\rest-tests-13.05.2019\target\test-classes;C:\Users\shevchenko_b\IdeaProjects\rest-tests-13.05.2019\target\classes;C:\Users\shevchenko_b\.m2\repository\io\rest-assured\rest-assured\4.0.0\rest-assured-4.0.0.jar;C:\Users\shevchenko_b\.m2\repository\org\codehaus\groovy\groovy\2.5.6\groovy-2.5.6.jar;C:\Users\shevchenko_b\.m2\repositor
Launcher Type: SUN_STANDARD

Environment Variables:
PATH=C:\Program Files (x86)\Common Files\Oracle\Java\javapath;C:\ProgramData\Oracle\Java\javapath;C:\Program Files (x86)\Intel\Intel(R) Management Engine Components\iCLS\;C:\Program Files\Intel\Intel(R) Management Engine Components\iCLS\;C:\Windows\system32;C:\Windows;C:\Windows\System32\Wbem;C:\Windows\System32\WindowsPowerShell\v1.0\;C:\Program Files\Intel\WiFi\bin\;C:\Program Files\Common Files\Intel\WirelessCommon\;C:\Program Files (x86)\Intel\UCRT\;C:\Program Files\Intel\UCRT\;C:\Program Files (x86)\Intel\Intel(R) Management Engine Components\DAL;C:\Program Files\Intel\Intel(R) Management Engine Components\DAL;C:\Program Files (x86)\Intel\Intel(R) Management Engine Components\IPT;C:\Program Files\Intel\Intel(R) Management Engine Components\IPT;C:\Users\shevchenko_b\IdeaProjects\apache-maven-3.6.1\bin;C:\Program Files (x86)\Common Files\Oracle\Java\javapath;C:\ProgramData\Oracle\Java\javapath;C:\Program Files (x86)\Intel\Intel(R) Management Engine Components\iCLS\;C:\Program Files\Intel\Intel(R) Management Engine Components\iCLS\;C:\Windows\system32;C:\Windows;C:\Windows\System32\Wbem;C:\Windows\System32\WindowsPowerShell\v1.0\;C:\Program Files\Intel\WiFi\bin\;C:\Program Files\Common Files\Intel\WirelessCommon\;C:\Program Files (x86)\Intel\UCRT\;C:\Program Files\Intel\UCRT\;C:\Program Files (x86)\Intel\Intel(R) Management Engine Components\DAL;C:\Program Files\Intel\Intel(R) Management Engine Components\DAL;C:\Program Files (x86)\Intel\Intel(R) Management Engine Components\IPT;C:\Program Files\Intel\Intel(R) Management Engine Components\IPT;C:\Users\shevchenko_b\AppData\Local\Programs\Git\cmd;C:\Users\shevchenko_b\IdeaProjects\apache-maven-3.6.1\bin\bin
USERNAME=shevchenko_b
OS=Windows_NT
PROCESSOR_IDENTIFIER=Intel64 Family 6 Model 78 Stepping 3, GenuineIntel



---------------  S Y S T E M  ---------------

OS: Windows 7 , 64 bit Build 7601 (6.1.7601.24408)

CPU:total 4 (initial active 4) (2 cores per cpu, 2 threads per core) family 6 model 78 stepping 3, cmov, cx8, fxsr, mmx, sse, sse2, sse3, ssse3, sse4.1, sse4.2, popcnt, avx, avx2, aes, clmul, erms, rtm, 3dnowpref, lzcnt, ht, tsc, tscinvbit, bmi1, bmi2, adx

Memory: 4k page, physical 8017652k(1457196k free), swap 10112904k(5324k free)

vm_info: Java HotSpot(TM) 64-Bit Server VM (25.201-b09) for windows-amd64 JRE (1.8.0_201-b09), built on Dec 15 2018 18:36:39 by "java_re" with MS VC++ 10.0 (VS2010)

time: Thu May 16 17:11:59 2019
timezone: FLE Daylight Time
elapsed time: 0 seconds (0d 0h 0m 0s)

